<?xml version="1.0" encoding="UTF-8"?>
<testsuite xmlns:xsi="http://www.w3.org/2001/XMLSchema-instance" xsi:noNamespaceSchemaLocation="https://maven.apache.org/surefire/maven-surefire-plugin/xsd/surefire-test-report-3.0.xsd" version="3.0" name="com.upv.examcalendar.repository.ExamRepositoryIntegrationTest" time="0.632" tests="1" errors="1" skipped="0" failures="0">
  <properties>
[...]
</properties>
  <testcase name="" classname="com.upv.examcalendar.repository.ExamRepositoryIntegrationTest" time="0.632">
    <error message="Could not find a valid Docker environment. Please see logs and check configuration" type="java.lang.IllegalStateException"><![CDATA[java.lang.IllegalStateException: Could not find a valid Docker environment. Please see logs and check configuration
	at org.testcontainers.dockerclient.DockerClientProviderStrategy.lambda$getFirstValidStrategy$7(DockerClientProviderStrategy.java:277)
	at java.base/java.util.Optional.orElseThrow(Optional.java:403)
	at org.testcontainers.dockerclient.DockerClientProviderStrategy.getFirstValidStrategy(DockerClientProviderStrategy.java:268)
	at org.testcontainers.DockerClientFactory.getOrInitializeStrategy(DockerClientFactory.java:152)
	at org.testcontainers.DockerClientFactory.client(DockerClientFactory.java:194)
	at org.testcontainers.DockerClientFactory$1.getDockerClient(DockerClientFactory.java:106)
	at com.github.dockerjava.api.DockerClientDelegate.authConfig(DockerClientDelegate.java:109)
	at org.testcontainers.containers.GenericContainer.start(GenericContainer.java:332)
	at org.testcontainers.junit.jupiter.TestcontainersExtension$StoreAdapter.start(TestcontainersExtension.java:280)
	at org.testcontainers.junit.jupiter.TestcontainersExtension$StoreAdapter.access$200(TestcontainersExtension.java:267)
	at org.testcontainers.junit.jupiter.TestcontainersExtension.lambda$null$4(TestcontainersExtension.java:82)
	at org.testcontainers.junit.jupiter.TestcontainersExtension.lambda$startContainers$5(TestcontainersExtension.java:82)
	at java.base/java.util.ArrayList.forEach(ArrayList.java:1511)
	at org.testcontainers.junit.jupiter.TestcontainersExtension.startContainers(TestcontainersExtension.java:82)
	at org.testcontainers.junit.jupiter.TestcontainersExtension.beforeAll(TestcontainersExtension.java:56)
	at java.base/java.util.ArrayList.forEach(ArrayList.java:1511)
]]></error>
    <system-out><![CDATA[2025-06-27T00:29:35.712+02:00 DEBUG 2008 --- [           main] o.s.t.c.support.AbstractContextLoader    : Could not detect default resource locations for test class [com.upv.examcalendar.repository.ExamRepositoryIntegrationTest]: no resource found for suffixes {-context.xml, Context.groovy}.
2025-06-27T00:29:35.712+02:00  INFO 2008 --- [           main] t.c.s.AnnotationConfigContextLoaderUtils : Could not detect default configuration classes for test class [com.upv.examcalendar.repository.ExamRepositoryIntegrationTest]: ExamRepositoryIntegrationTest does not declare any static, non-private, non-final, nested classes annotated with @Configuration.
2025-06-27T00:29:35.774+02:00  INFO 2008 --- [           main] .b.t.c.SpringBootTestContextBootstrapper : Found @SpringBootConfiguration com.upv.examcalendar.ExamCalendarApplication for test class com.upv.examcalendar.repository.ExamRepositoryIntegrationTest
2025-06-27T00:29:35.776+02:00 DEBUG 2008 --- [           main] .s.t.c.u.TestContextSpringFactoriesUtils : Skipping candidate TestExecutionListener [org.springframework.test.context.observation.MicrometerObservationRegistryTestExecutionListener] due to a missing dependency. Specify custom TestExecutionListener classes or make the default TestExecutionListener classes and their required dependencies available. Offending class: io.micrometer.context.ThreadLocalAccessor. MicrometerObservationRegistryTestExecutionListener requires io.micrometer:micrometer-observation:1.10.8 or higher and io.micrometer:context-propagation:1.0.3 or higher.
2025-06-27T00:29:35.776+02:00 DEBUG 2008 --- [           main] sContextBeforeModesTestExecutionListener : Before test class: class [ExamRepositoryIntegrationTest], class annotated with @DirtiesContext [false] with mode [null]
2025-06-27T00:29:35.850+02:00  INFO 2008 --- [           main] org.testcontainers.images.PullPolicy     : Image pull policy will be performed by: DefaultPullPolicy()
2025-06-27T00:29:35.853+02:00  INFO 2008 --- [           main] o.t.utility.ImageNameSubstitutor         : Image name substitution will be performed by: DefaultImageNameSubstitutor (composite of 'ConfigurationFileImageNameSubstitutor' and 'PrefixingImageNameSubstitutor')
2025-06-27T00:29:36.334+02:00  INFO 2008 --- [           main] .t.d.DockerMachineClientProviderStrategy : docker-machine executable was not found on PATH ([C:\Program Files (x86)\Razer Chroma SDK\bin, C:\Program Files\Razer Chroma SDK\bin, C:\Program Files\Common Files\Oracle\Java\javapath, C:\Program Files (x86)\Common Files\Oracle\Java\java8path, C:\Program Files (x86)\Common Files\Oracle\Java\javapath, C:\Program Files (x86)\Common Files\Intel\Shared Libraries\redist\intel64_win\compiler, C:\WINDOWS\system32, C:\WINDOWS, C:\WINDOWS\System32\Wbem, C:\WINDOWS\System32\WindowsPowerShell\v1.0\, C:\WINDOWS\System32\OpenSSH\, C:\Program Files\dotnet\, C:\Program Files\Microsoft SQL Server\120\Tools\Binn\, C:\Program Files\Git\cmd, C:\Program Files\nodejs\, C:\WINDOWS\system32\config\systemprofile\AppData\Local\Microsoft\WindowsApps, C:\Program Files (x86)\Razer\ChromaBroadcast\bin, C:\Program Files\Razer\ChromaBroadcast\bin, C:\Users\Yaya\AppData\Local\Programs\Python\Python311\Scripts\, C:\Users\Yaya\AppData\Local\Programs\Python\Python311\, C:\Users\Yaya\AppData\Local\Microsoft\WindowsApps, C:\Program Files\JetBrains\IntelliJ IDEA Community Edition 2022.2.1\bin, C:\Users\Yaya\AppData\Local\Programs\Microsoft VS Code\bin, C:\Users\Yaya\AppData\Roaming\npm, C:\Users\Yaya\AppData\Local\Programs\Ollama, C:\Users\Yaya\AppData\Local\Programs\Windsurf\bin, C:\Users\Yaya\AppData\Local\Programs\cursor\resources\app\bin, C:\Program Files\Java\jdk-17\bin, , C:\Program Files\Docker\Docker\resources\bin, C:\Users\Yaya\AppData\Local\Programs\Python\Python311\Scripts\, C:\Users\Yaya\AppData\Local\Programs\Python\Python311\, C:\Users\Yaya\AppData\Local\Microsoft\WindowsApps, C:\Program Files\JetBrains\IntelliJ IDEA Community Edition 2022.2.1\bin, , C:\Users\Yaya\AppData\Local\Programs\Microsoft VS Code\bin, C:\Users\Yaya\AppData\Roaming\npm, C:\Users\Yaya\AppData\Local\Programs\Ollama, C:\Users\Yaya\AppData\Local\Programs\Windsurf\bin, C:\Users\Yaya\AppData\Local\Programs\cursor\resources\app\bin, C:\Users\Yaya\Maven\apache-maven-3.9.9\bin, , c:\Users\Yaya\AppData\Roaming\Cursor\User\globalStorage\github.copilot-chat\debugCommand])
2025-06-27T00:29:36.335+02:00 ERROR 2008 --- [           main] o.t.d.DockerClientProviderStrategy       : Could not find a valid Docker environment. Please check configuration. Attempted configurations were:
As no valid configuration was found, execution cannot continue.
See https://java.testcontainers.org/on_failure.html for more details.
2025-06-27T00:29:36.337+02:00 DEBUG 2008 --- [           main] .c.s.DirtiesContextTestExecutionListener : After test class: class [ExamRepositoryIntegrationTest], class annotated with @DirtiesContext [false] with mode [null]
]]></system-out>
  </testcase>
</testsuite>